[03:47:53] [ServerMain/INFO]: Building unoptimized datafixer
[03:48:02] [ServerMain/INFO]: Environment: authHost='https://authserver.mojang.com', accountsHost='https://api.mojang.com', sessionHost='https://sessionserver.mojang.com', servicesHost='https://api.minecraftservices.com', name='PROD'
[03:48:02] [ServerMain/INFO]: Found new data pack file/bukkit, loading it automatically
[03:48:13] [ServerMain/INFO]: Loaded 7 recipes
[03:48:18] [Server thread/INFO]: Starting minecraft server version 1.19.3
[03:48:18] [Server thread/WARN]: To start the server with more ram, launch it as "java -Xmx1024M -Xms1024M -jar minecraft_server.jar"
[03:48:18] [Server thread/INFO]: Loading properties
[03:48:18] [Server thread/INFO]: This server is running Paper version git-Paper-448 (MC: 1.19.3) (Implementing API version 1.19.3-R0.1-SNAPSHOT) (Git: 155aa36)
[03:48:18] [Server thread/INFO]: Server Ping Player Sample Count: 12
[03:48:18] [Server thread/INFO]: Using 4 threads for Netty based IO
[03:48:19] [Server thread/INFO]: [ChunkTaskScheduler] Chunk system is using 1 I/O threads, 1 worker threads, and gen parallelism of 1 threads
[03:48:21] [Server thread/INFO]: Default game type: SURVIVAL
[03:48:21] [Server thread/INFO]: Generating keypair
[03:48:21] [Server thread/INFO]: Starting Minecraft server on *:25565
[03:48:21] [Server thread/INFO]: Using epoll channel type
[03:48:21] [Server thread/INFO]: Paper: Using libdeflate (Linux x86_64) compression from Velocity.
[03:48:21] [Server thread/INFO]: Paper: Using Java cipher from Velocity.
[03:48:22] [Server thread/WARN]: **** SERVER IS RUNNING IN OFFLINE/INSECURE MODE!
[03:48:22] [Server thread/WARN]: The server will make no attempt to authenticate usernames. Beware.
[03:48:22] [Server thread/WARN]: While this makes the game possible to play without internet access, it also opens up the ability for hackers to connect with any username they choose.
[03:48:22] [Server thread/WARN]: To change this, set "online-mode" to "true" in the server.properties file.
[03:48:22] [Server thread/INFO]: Preparing level "world"
[03:49:06] [Server thread/INFO]: ---- Migration of old nether folder required ----
[03:49:06] [Server thread/INFO]: Unfortunately due to the way that Minecraft implemented multiworld support in 1.6, Bukkit requires that you move your nether folder to a new location in order to operate correctly.
[03:49:06] [Server thread/INFO]: We will move this folder for you, but it will mean that you need to move it back should you wish to stop using Bukkit in the future.
[03:49:06] [Server thread/INFO]: Attempting to move world/DIM-1 to world_nether/DIM-1...
[03:49:06] [Server thread/INFO]: Success! To restore nether in the future, simply move world_nether/DIM-1 to world/DIM-1
[03:49:06] [Server thread/INFO]: ---- Migration of old nether folder complete ----
[03:49:17] [Server thread/INFO]: ---- Migration of old the_end folder required ----
[03:49:17] [Server thread/INFO]: Unfortunately due to the way that Minecraft implemented multiworld support in 1.6, Bukkit requires that you move your the_end folder to a new location in order to operate correctly.
[03:49:17] [Server thread/INFO]: We will move this folder for you, but it will mean that you need to move it back should you wish to stop using Bukkit in the future.
[03:49:17] [Server thread/INFO]: Attempting to move world/DIM1 to world_the_end/DIM1...
[03:49:17] [Server thread/INFO]: Success! To restore the_end in the future, simply move world_the_end/DIM1 to world/DIM1
[03:49:17] [Server thread/INFO]: ---- Migration of old the_end folder complete ----
[03:49:20] [Server thread/INFO]: Preparing start region for dimension minecraft:overworld
[03:49:21] [Server thread/INFO]: Time elapsed: 822 ms
[03:49:21] [Server thread/INFO]: Preparing start region for dimension minecraft:the_nether
[03:49:21] [Server thread/INFO]: Time elapsed: 378 ms
[03:49:21] [Server thread/INFO]: Preparing start region for dimension minecraft:the_end
[03:49:22] [Server thread/INFO]: Time elapsed: 496 ms
[03:49:22] [Server thread/INFO]: Running delayed init tasks
[03:49:22] [Server thread/INFO]: Done (64.687s)! For help, type "help"
[03:49:22] [Server thread/INFO]: Timings Reset
[03:49:23] [Server thread/INFO]: Server Plugins (0):
[03:49:23] [Server thread/INFO]: --------- Help: Index ---------------------------
[03:49:23] [Server thread/INFO]: Use /help [n] to get page n of help.
[03:49:23] [Server thread/INFO]: Aliases: Lists command aliases
[03:49:23] [Server thread/INFO]: Bukkit: All commands for Bukkit
[03:49:23] [Server thread/INFO]: Minecraft: All commands for Minecraft
[03:49:23] [Server thread/INFO]: /advancement: A Mojang provided command.
[03:49:23] [Server thread/INFO]: /attribute: A Mojang provided command.
[03:49:23] [Server thread/INFO]: /ban: A Mojang provided command.
[03:49:23] [Server thread/INFO]: /ban-ip: A Mojang provided command.
[03:49:23] [Server thread/INFO]: /banlist: A Mojang provided command.
[03:49:23] [Server thread/INFO]: /bossbar: A Mojang provided command.
[03:49:23] [Server thread/INFO]: /clear: A Mojang provided command.
[03:49:23] [Server thread/INFO]: /clone: A Mojang provided command.
[03:49:23] [Server thread/INFO]: /data: A Mojang provided command.
[03:49:23] [Server thread/INFO]: /datapack: A Mojang provided command.
[03:49:23] [Server thread/INFO]: /debug: A Mojang provided command.
[03:49:23] [Server thread/INFO]: /defaultgamemode: A Mojang provided command.
[03:49:23] [Server thread/INFO]: /deop: A Mojang provided command.
[03:49:23] [Server thread/INFO]: /difficulty: A Mojang provided command.
[03:49:23] [Server thread/INFO]: /effect: A Mojang provided command.
[03:49:23] [Server thread/INFO]: /enchant: A Mojang provided command.
[03:49:23] [Server thread/INFO]: /execute: A Mojang provided command.
[03:49:23] [Server thread/INFO]: /experience: A Mojang provided command.
[03:49:23] [Server thread/INFO]: /fill: A Mojang provided command.
[03:49:23] [Server thread/INFO]: /fillbiome: A Mojang provided command.
[03:49:23] [Server thread/INFO]: /forceload: A Mojang provided command.
[03:49:23] [Server thread/INFO]: /function: A Mojang provided command.
[03:49:23] [Server thread/INFO]: /gamemode: A Mojang provided command.
[03:49:23] [Server thread/INFO]: /gamerule: A Mojang provided command.
[03:49:23] [Server thread/INFO]: /give: A Mojang provided command.
[03:49:24] [Server thread/INFO]: /help: Shows the help menu
[03:49:24] [Server thread/INFO]: /item: A Mojang provided command.
[03:49:24] [Server thread/INFO]: /jfr: A Mojang provided command.
[03:49:24] [Server thread/INFO]: /kick: A Mojang provided command.
[03:49:24] [Server thread/INFO]: /kill: A Mojang provided command.
[03:49:24] [Server thread/INFO]: /list: A Mojang provided command.
[03:49:24] [Server thread/INFO]: /locate: A Mojang provided command.
[03:49:24] [Server thread/INFO]: /loot: A Mojang provided command.
[03:49:24] [Server thread/INFO]: /me: A Mojang provided command.
[03:49:24] [Server thread/INFO]: /minecraft:help: A Mojang provided command.
[03:49:24] [Server thread/INFO]: /minecraft:reload: A Mojang provided command.
[03:49:24] [Server thread/INFO]: /msg: A Mojang provided command.
[03:49:24] [Server thread/INFO]: /mspt: View server tick times
[03:49:24] [Server thread/INFO]: /op: A Mojang provided command.
[03:49:24] [Server thread/INFO]: /paper: Paper related commands
[03:49:24] [Server thread/INFO]: /pardon: A Mojang provided command.
[03:49:24] [Server thread/INFO]: /pardon-ip: A Mojang provided command.
[03:49:24] [Server thread/INFO]: /particle: A Mojang provided command.
[03:49:24] [Server thread/INFO]: /perf: A Mojang provided command.
[03:49:24] [Server thread/INFO]: /place: A Mojang provided command.
[03:49:24] [Server thread/INFO]: /playsound: A Mojang provided command.
[03:49:24] [Server thread/INFO]: /plugins: Gets a list of plugins running on the server
[03:49:24] [Server thread/INFO]: /recipe: A Mojang provided command.
[03:49:24] [Server thread/INFO]: /reload: Reloads the server configuration and plugins
[03:49:24] [Server thread/INFO]: /restart: Restarts the server
[03:49:24] [Server thread/INFO]: /save-all: A Mojang provided command.
[03:49:24] [Server thread/INFO]: /save-off: A Mojang provided command.
[03:49:24] [Server thread/INFO]: /save-on: A Mojang provided command.
[03:49:24] [Server thread/INFO]: /say: A Mojang provided command.
[03:49:24] [Server thread/INFO]: /schedule: A Mojang provided command.
[03:49:24] [Server thread/INFO]: /scoreboard: A Mojang provided command.
[03:49:24] [Server thread/INFO]: /seed: A Mojang provided command.
[03:49:24] [Server thread/INFO]: /setblock: A Mojang provided command.
[03:49:24] [Server thread/INFO]: /setidletimeout: A Mojang provided command.
[03:49:24] [Server thread/INFO]: /setworldspawn: A Mojang provided command.
[03:49:24] [Server thread/INFO]: /spawnpoint: A Mojang provided command.
[03:49:24] [Server thread/INFO]: /spectate: A Mojang provided command.
[03:49:24] [Server thread/INFO]: /spigot: Spigot related commands
[03:49:24] [Server thread/INFO]: /spreadplayers: A Mojang provided command.
[03:49:24] [Server thread/INFO]: /stop: A Mojang provided command.
[03:49:24] [Server thread/INFO]: /stopsound: A Mojang provided command.
[03:49:24] [Server thread/INFO]: /summon: A Mojang provided command.
[03:49:24] [Server thread/INFO]: /tag: A Mojang provided command.
[03:49:24] [Server thread/INFO]: /team: A Mojang provided command.
[03:49:24] [Server thread/INFO]: /teammsg: A Mojang provided command.
[03:49:24] [Server thread/INFO]: /teleport: A Mojang provided command.
[03:49:24] [Server thread/INFO]: /tell: A Mojang provided command.
[03:49:24] [Server thread/INFO]: /tellraw: A Mojang provided command.
[03:49:24] [Server thread/INFO]: /time: A Mojang provided command.
[03:49:24] [Server thread/INFO]: /timings: Manages Spigot Timings data to see performance of the server.
[03:49:24] [Server thread/INFO]: /title: A Mojang provided command.
[03:49:24] [Server thread/INFO]: /tm: A Mojang provided command.
[03:49:24] [Server thread/INFO]: /tp: A Mojang provided command.
[03:49:24] [Server thread/INFO]: /tps: Gets the current ticks per second for the server
[03:49:24] [Server thread/INFO]: /trigger: A Mojang provided command.
[03:49:24] [Server thread/INFO]: /version: Gets the version of this server including any plugins in use
[03:49:24] [Server thread/INFO]: /w: A Mojang provided command.
[03:49:24] [Server thread/INFO]: /weather: A Mojang provided command.
[03:49:24] [Server thread/INFO]: /whitelist: A Mojang provided command.
[03:49:24] [Server thread/INFO]: /worldborder: A Mojang provided command.
[03:49:24] [Server thread/INFO]: /xp: A Mojang provided command.
[03:49:28] [Server thread/WARN]: Can't keep up! Is the server overloaded? Running 5660ms or 113 ticks behind
[03:49:54] [Server thread/INFO]: Server Plugins (0):
[03:50:04] [Server thread/INFO]: Unknown command. Type "/help" for help.
