[08:29:51] [ServerMain/INFO]: Building unoptimized datafixer
[08:30:10] [ServerMain/INFO]: Environment: authHost='https://authserver.mojang.com', accountsHost='https://api.mojang.com', sessionHost='https://sessionserver.mojang.com', servicesHost='https://api.minecraftservices.com', name='PROD'
[08:30:39] [ServerMain/INFO]: Loaded 7 recipes
[08:30:49] [Server thread/INFO]: Starting minecraft server version 1.19.3
[08:30:49] [Server thread/INFO]: Loading properties
[08:30:50] [Server thread/INFO]: This server is running Paper version git-Paper-448 (MC: 1.19.3) (Implementing API version 1.19.3-R0.1-SNAPSHOT) (Git: 155aa36)
[08:30:51] [Server thread/INFO]: Server Ping Player Sample Count: 12
[08:30:51] [Server thread/INFO]: Using 4 threads for Netty based IO
[08:30:53] [Server thread/INFO]: [ChunkTaskScheduler] Chunk system is using 1 I/O threads, 1 worker threads, and gen parallelism of 1 threads
[08:30:56] [Server thread/INFO]: Default game type: SURVIVAL
[08:30:56] [Server thread/INFO]: Generating keypair
[08:30:57] [Server thread/INFO]: Starting Minecraft server on *:25565
[08:30:58] [Server thread/INFO]: Using epoll channel type
[08:30:58] [Server thread/INFO]: Paper: Using libdeflate (Linux x86_64) compression from Velocity.
[08:30:58] [Server thread/INFO]: Paper: Using Java cipher from Velocity.
[08:31:07] [Server thread/INFO]: [ViaVersion] Loading server plugin ViaVersion v4.6.2
[08:31:07] [Server thread/INFO]: [ViaVersion] ViaVersion 4.6.2 is now loaded. Registering protocol transformers and injecting...
[08:31:14] [Via-Mappingloader-0/INFO]: [ViaVersion] Loading block connection mappings ...
[08:31:17] [Server thread/INFO]: [ViaBackwards] Loading translations...
[08:31:17] [Server thread/INFO]: [ViaBackwards] Registering protocols...
[08:31:18] [Via-Mappingloader-0/INFO]: [ViaVersion] Using FastUtil Long2ObjectOpenHashMap for block connections
[08:31:22] [Server thread/INFO]: [floodgate] Loading server plugin floodgate v2.2.2-SNAPSHOT (b??-2702bc3)
[08:31:30] [Server thread/INFO]: [floodgate] Took 7,506ms to boot Floodgate
[08:31:30] [Server thread/INFO]: [Vault] Loading server plugin Vault v1.7.3-b131
[08:31:30] [Server thread/INFO]: [ViaBackwards] Loading server plugin ViaBackwards v4.6.1
[08:31:30] [Server thread/INFO]: [Geyser-Spigot] Loading server plugin Geyser-Spigot v2.1.0-SNAPSHOT
[08:31:38] [Server thread/INFO]: [Geyser-Spigot] Loading extensions...
[08:31:38] [Server thread/INFO]: [Geyser-Spigot] Loaded 0 extension(s)
[08:31:38] [Server thread/INFO]: Server permissions file permissions.yml is empty, ignoring it
[08:31:38] [Server thread/INFO]: [Vault] Enabling Vault v1.7.3-b131
[08:31:39] [Server thread/INFO]: [Vault] [Permission] SuperPermissions loaded as backup permission system.
[08:31:39] [Server thread/INFO]: [Vault] Enabled Version 1.7.3-b131
[08:31:39] [Server thread/WARN]: **** SERVER IS RUNNING IN OFFLINE/INSECURE MODE!
[08:31:39] [Server thread/WARN]: The server will make no attempt to authenticate usernames. Beware.
[08:31:39] [Server thread/WARN]: While this makes the game possible to play without internet access, it also opens up the ability for hackers to connect with any username they choose.
[08:31:39] [Server thread/WARN]: To change this, set "online-mode" to "true" in the server.properties file.
[08:31:39] [Server thread/INFO]: Preparing level "world"
[08:31:52] [Server thread/INFO]: Preparing start region for dimension minecraft:overworld
[08:31:54] [Server thread/INFO]: Time elapsed: 2604 ms
[08:31:54] [Server thread/INFO]: Preparing start region for dimension minecraft:the_nether
[08:31:55] [Server thread/INFO]: Time elapsed: 697 ms
[08:31:55] [Server thread/INFO]: Preparing start region for dimension minecraft:the_end
[08:31:56] [Server thread/INFO]: Time elapsed: 795 ms
[08:31:56] [Server thread/INFO]: [ViaVersion] Enabling ViaVersion v4.6.2
[08:31:56] [Server thread/INFO]: [ViaVersion] ViaVersion detected server version: 1.19.3 (761)
[08:31:58] [Server thread/INFO]: [floodgate] Enabling floodgate v2.2.2-SNAPSHOT (b??-2702bc3)
[08:32:05] [Server thread/INFO]: [ViaBackwards] Enabling ViaBackwards v4.6.1
[08:32:05] [Server thread/INFO]: [Geyser-Spigot] Enabling Geyser-Spigot v2.1.0-SNAPSHOT
[08:32:07] [Server thread/INFO]: [Geyser-Spigot] ******************************************
[08:32:07] [Server thread/INFO]: [Geyser-Spigot] 
[08:32:07] [Server thread/INFO]: [Geyser-Spigot] Loading Geyser version 2.1.0-SNAPSHOT (git-master-8a25afb)
[08:32:07] [Server thread/INFO]: [Geyser-Spigot] 
[08:32:07] [Server thread/INFO]: [Geyser-Spigot] ******************************************
